<?xml version="1.0" encoding="UTF-8" ?>
<testsuite tests="9" failures="1" name="HttpbinRestTest" time="9.212" errors="0" skipped="0">
  <properties>
[...]
</properties>
  <testcase classname="HttpbinRestTest" name="PostWithBodyTest" time="2.152"/>
  <testcase classname="HttpbinRestTest" name="SimpleGETTest" time="0.841"/>
  <testcase classname="HttpbinRestTest" name="PUTWithBodyTest" time="0.824"/>
  <testcase classname="HttpbinRestTest" name="PATCHTest" time="0.815"/>
  <testcase classname="HttpbinRestTest" name="DELETETest" time="0.796"/>
  <testcase classname="HttpbinRestTest" name="GETContentTypeTest" time="0.807">
    <failure message="GET Content Type Test Failed expected [application/json] but found [application/json]" type="java.lang.AssertionError">java.lang.AssertionError: GET Content Type Test Failed expected [application/json] but found [application/json]
	at org.testng.Assert.fail(Assert.java:96)
	at org.testng.Assert.failNotEquals(Assert.java:776)
	at org.testng.Assert.assertEqualsImpl(Assert.java:137)
	at org.testng.Assert.assertEquals(Assert.java:118)
	at HttpbinRestTest.GETContentTypeTest(HttpbinRestTest.java:156)
</failure>
    <system-out>2020-01-20 22:18:49 INFO  LogUtil:29 - GETContentTypeTest is started
Request method:	GET
Request URI:	https://httpbin.org/get
Proxy:			&lt;none&gt;
Request params:	&lt;none&gt;
Query params:	&lt;none&gt;
Form params:	&lt;none&gt;
Path params:	&lt;none&gt;
Headers:		Accept=application/json
				Content-Type=application/json; charset=UTF-8
Cookies:		&lt;none&gt;
Multiparts:		&lt;none&gt;
Body:			&lt;none&gt;
HTTP/1.1 200 OK
Access-Control-Allow-Credentials: true
Access-Control-Allow-Origin: *
Content-Encoding: gzip
Content-Type: application/json
Date: Mon, 20 Jan 2020 19:18:51 GMT
Referrer-Policy: no-referrer-when-downgrade
Server: nginx
X-Content-Type-Options: nosniff
X-Frame-Options: DENY
X-XSS-Protection: 1; mode=block
Content-Length: 237
Connection: keep-alive

{
    &quot;args&quot;: {
        
    },
    &quot;headers&quot;: {
        &quot;Accept&quot;: &quot;application/json&quot;,
        &quot;Accept-Encoding&quot;: &quot;gzip,deflate&quot;,
        &quot;Content-Type&quot;: &quot;application/json; charset=UTF-8&quot;,
        &quot;Host&quot;: &quot;httpbin.org&quot;,
        &quot;User-Agent&quot;: &quot;Apache-HttpClient/4.5.3 (Java/1.8.0_211)&quot;
    },
    &quot;origin&quot;: &quot;85.103.109.5, 85.103.109.5&quot;,
    &quot;url&quot;: &quot;https://httpbin.org/get&quot;
}
</system-out>
  </testcase>
  <testcase classname="HttpbinRestTest" name="GETResponseTimeTest" time="0.809"/>
  <testcase classname="HttpbinRestTest" name="POSTWithSerializationByJSONTest" time="0.875"/>
  <testcase classname="HttpbinRestTest" name="GETIPTest" time="1.293"/>
</testsuite>