<?xml version="1.0" encoding="UTF-8"?>
<!-- Generated by org.testng.reporters.JUnitXMLReporter -->
<testsuite hostname="EVT01757NB" ignored="0" tests="9" failures="1" timestamp="20 Oca 2020 19:18:53 GMT" time="9.949" errors="0">
  <testcase name="PostWithBodyTest" time="2.187" classname="HttpbinRestTest"/>
  <testcase name="SimpleGETTest" time="0.836" classname="HttpbinRestTest"/>
  <testcase name="PUTWithBodyTest" time="0.821" classname="HttpbinRestTest"/>
  <testcase name="PATCHTest" time="0.81" classname="HttpbinRestTest"/>
  <testcase name="DELETETest" time="0.79" classname="HttpbinRestTest"/>
  <testcase name="GETContentTypeTest" time="0.798" classname="HttpbinRestTest">
    <failure type="java.lang.AssertionError" message="GET Content Type Test Failed expected [application/json] but found [application/json]">
      <![CDATA[java.lang.AssertionError: GET Content Type Test Failed expected [application/json] but found [application/json]
at HttpbinRestTest.GETContentTypeTest(HttpbinRestTest.java:156)
... Removed 38 stack frames]]>
    </failure>
  </testcase> <!-- GETContentTypeTest -->
  <testcase name="GETResponseTimeTest" time="0.803" classname="HttpbinRestTest"/>
  <testcase name="POSTWithSerializationByJSONTest" time="0.869" classname="HttpbinRestTest"/>
  <testcase name="GETIPTest" time="1.288" classname="HttpbinRestTest"/>
</testsuite>
